<?xml version="1.0" encoding="UTF-8"?>
<testsuite xmlns:xsi="http://www.w3.org/2001/XMLSchema-instance" xsi:noNamespaceSchemaLocation="https://maven.apache.org/surefire/maven-surefire-plugin/xsd/surefire-test-report-3.0.xsd" version="3.0" name="org.core.java.TestCsgJavaApp" time="0.767" tests="20" errors="0" skipped="0" failures="0">
  <properties>
[...]
</properties>
  <testcase name="invalid_args_exception" classname="org.core.java.TestCsgJavaApp" time="0.358">
    <system-out><![CDATA[13:46:03.881 [main] INFO  org.core.java.CsgJavaApp - Search system started with: [] 
]]></system-out>
  </testcase>
  <testcase name="invalid_args_rule_two_only_support_not_zero_digits_for_filter" classname="org.core.java.TestCsgJavaApp" time="0.003">
    <system-out><![CDATA[13:46:03.892 [main] INFO  org.core.java.CsgJavaApp - Search system started with: [fileName.txt, m, 0] 
]]></system-out>
  </testcase>
  <testcase name="valid_args_test_data_mid_csv" classname="org.core.java.TestCsgJavaApp" time="0.011"/>
  <testcase name="valid_args_test_data_large1" classname="org.core.java.TestCsgJavaApp" time="0.235"/>
  <testcase name="valid_args_test_data_large2" classname="org.core.java.TestCsgJavaApp" time="0.096"/>
  <testcase name="invalid_args_rule_one_only_support_one_charter_for_count" classname="org.core.java.TestCsgJavaApp" time="0.002">
    <system-out><![CDATA[13:46:04.239 [main] INFO  org.core.java.CsgJavaApp - Search system started with: [fileName.txt, mX, 5] 
]]></system-out>
  </testcase>
  <testcase name="valid_args_test_data_small_1" classname="org.core.java.TestCsgJavaApp" time="0.002"/>
  <testcase name="valid_args_test_data_small_2" classname="org.core.java.TestCsgJavaApp" time="0.001"/>
  <testcase name="valid_args_test_data_small_3" classname="org.core.java.TestCsgJavaApp" time="0.001"/>
  <testcase name="invalid_args_rule_two_only_support_no_more_than_100_for_filter" classname="org.core.java.TestCsgJavaApp" time="0.001">
    <system-out><![CDATA[13:46:04.247 [main] INFO  org.core.java.CsgJavaApp - Search system started with: [fileName.txt, m, 100] 
]]></system-out>
  </testcase>
  <testcase name="invalid_args_rule_two_only_support_digits_for_filter" classname="org.core.java.TestCsgJavaApp" time="0.001">
    <system-out><![CDATA[13:46:04.249 [main] INFO  org.core.java.CsgJavaApp - Search system started with: [fileName.txt, m, dummy] 
]]></system-out>
  </testcase>
  <testcase name="invalid_args_rule_one_only_support_a_charter_for_count" classname="org.core.java.TestCsgJavaApp" time="0.001">
    <system-out><![CDATA[13:46:04.251 [main] INFO  org.core.java.CsgJavaApp - Search system started with: [fileName.txt, 12, 5] 
]]></system-out>
  </testcase>
  <testcase name="valid_args_test_end_to_end" classname="org.core.java.TestCsgJavaApp" time="0.002">
    <system-out><![CDATA[13:46:04.253 [main] INFO  org.core.java.CsgJavaApp - Search system started with: [menu.json, i, 1] 
13:46:04.253 [main] INFO  org.core.java.CsgJavaApp - Rule1: Total number of words that start with 'i': 26
13:46:04.253 [main] INFO  org.core.java.CsgJavaApp - Rule2: Number of words longer than 1 characters: 24
13:46:04.254 [main] INFO  org.core.java.CsgJavaApp - Rule2: All words longer than 1 characters: [batter, batters, Regular, Old, Cake, Chocolate, Devils, Powdered, type, Raised, Sprinkles, with, ppu, Blueberry, donut, name, Glazed, id, topping, None, Sugar, Food, Maple, Fashioned]
]]></system-out>
  </testcase>
  <testcase name="valid_args_test_data_mid_json" classname="org.core.java.TestCsgJavaApp" time="0.002"/>
  <testcase name="invalid_args_file_not_found_exception" classname="org.core.java.TestCsgJavaApp" time="0.002">
    <system-out><![CDATA[13:46:04.257 [main] INFO  org.core.java.CsgJavaApp - Search system started with: [NotAFile.txt, m, 5] 
13:46:04.258 [main] ERROR org.core.java.file.FileByteStream - FileNotFoundExceptionFiles/NotAFile.txt (No such file or directory)
]]></system-out>
  </testcase>
  <testcase name="class_cast_exception" classname="org.core.java.TestCsgJavaApp" time="0.003"/>
  <testcase name="valid_args_test_data_small" classname="org.core.java.TestCsgJavaApp" time="0.01"/>
  <testcase name="invalid_args_file_extension_is_not_valid_exception" classname="org.core.java.TestCsgJavaApp" time="0.001">
    <system-out><![CDATA[13:46:04.275 [main] INFO  org.core.java.CsgJavaApp - Search system started with: [NofileName.txt., m, 5] 
]]></system-out>
  </testcase>
  <testcase name="invalid_args_file_extension_is_not_supported_exception" classname="org.core.java.TestCsgJavaApp" time="0.002">
    <system-out><![CDATA[13:46:04.276 [main] INFO  org.core.java.CsgJavaApp - Search system started with: [NofileName.java, m, 5] 
]]></system-out>
  </testcase>
  <testcase name="invalid_args_rule_two_only_support_postivie_digits_for_filter" classname="org.core.java.TestCsgJavaApp" time="0.001">
    <system-out><![CDATA[13:46:04.278 [main] INFO  org.core.java.CsgJavaApp - Search system started with: [fileName.txt, m, -1] 
]]></system-out>
  </testcase>
</testsuite>